WARNING: m_chkparam: "-penalty1" only for grammar, ignored
WARNING: m_chkparam: "-penalty2" only for grammar, ignored
STAT: jconf successfully finalized
STAT: *** loading AM00 _default
Stat: init_phmm: Reading in HMM definition
Stat: rdhmmdef: ascii format HMM definition
Stat: rdhmmdef: limit check passed
Stat: check_hmm_restriction: an HMM with several arcs from initial state found: "sp"
Stat: rdhmmdef: this HMM requires multipath handling at decoding
Stat: rdhmmdef: no <SID> embedded
Stat: rdhmmdef: assign SID by the order of appearance
Stat: init_phmm: defined HMMs:    81
Stat: init_phmm: loading ascii hmmlist
Stat: init_phmm: logical names:   252 in HMMList
Stat: init_phmm: base phones:    27 used in logical
Stat: init_phmm: finished reading HMM definitions
STAT: m_fusion: force multipath HMM handling by user request
STAT: making pseudo bi/mono-phone for IW-triphone
Stat: hmm_lookup: 119 pseudo phones are added to logical HMM list
STAT: *** AM00 _default loaded
STAT: *** loading LM00 _default
Stat: init_voca: read 25 words
Stat: init_ngram: reading in ARPA forward n-gram from gram.1/trigram.arpa
Stat: ngram_read_arpa: this is 3-gram file
Stat: ngram_read_arpa: reading 1-gram part...
Stat: ngram_read_arpa: read 25 1-gram entries
Stat: ngram_read_arpa: reading 2-gram part...
Stat: ngram_read_arpa: 2-gram read 0 (0%)
Stat: ngram_read_arpa: 2-gram read 97 end
Stat: ngram_read_arpa: reading 3-gram part...
Stat: ngram_read_arpa: 3-gram read 0 (0%)
Stat: ngram_read_arpa: 3-gram read 164 end
Stat: ngram_compact_context: 2-gram has full bo_wt, compaction disabled
Stat: init_ngram: neither "<unk>" nor "<UNK>" was found, assuming close vocabulary LM
Stat: init_ngram: finished reading n-gram
Stat: init_ngram: mapping dictonary words to n-gram entries
Stat: init_ngram: finished word-to-ngram mapping
STAT: *** LM00 _default loaded
STAT: ------
STAT: All models are ready, go for final fusion
STAT: [1] create MFCC extraction instance(s)
STAT: [2] create recognition processing instance(s) with AM and LM
STAT: composing recognizer instance SR00 _default (AM00 _default, LM00 _default)
STAT: Building HMM lexicon tree
STAT: lexicon size: 423 nodes
STAT: coordination check passed
STAT: make successor lists for unigram factoring
STAT: done
STAT:  1-gram factoring values has been pre-computed
STAT: SR00 _default composed
STAT: [3] initialize for acoustic HMM calculation
Stat: outprob_init: state-level mixture PDFs, use calc_mix()
Stat: addlog: generating addlog table (size = 1953 kB)
Stat: addlog: addlog table generated
STAT: [4] prepare MFCC storage(s)
STAT: All init successfully done

----------------------- System Information begin ---------------------
JuliusLib rev.4.3.1 (fast)

Engine specification:
 -  Base setup   : fast
 -  Supported LM : DFA, N-gram, Word
 -  Extension    : NoPThread
 -  Compiled by  : i686-w64-mingw32-gcc -O6 -fomit-frame-pointer

------------------------------------------------------------
Configuration of Modules

 Number of defined modules: AM=1, LM=1, SR=1

 Acoustic Model (with input parameter spec.):
 - AM00 "_default"
	hmmfilename=hmm15/hmmdefs
	hmmmapfilename=tiedlist

 Language Model:
 - LM00 "_default"
	vocabulary filename=samplengram.dict
	forward n-gram filename=gram.1/trigram.arpa

 Recognizer:
 - SR00 "_default" (AM00, LM00)

------------------------------------------------------------
Acoustic Model(s)

[AM00 "_default"]

 HMM Info:
    81 models, 123 states, 123 mpdfs, 123 Gaussians are defined
	      model type = context dependency handling ON
      training parameter = MFCC_N_D_Z_0
	   vector length = 25
	number of stream = 1
	     stream info = [0-24]
	cov. matrix type = DIAGC
	   duration type = NULLD
	max mixture size = 1 Gaussians
     max length of model = 5 states
     logical base phones = 27
       model skip trans. = exist, require multi-path handling
      skippable models = sp (1 model(s))

 AM Parameters:
        Gaussian pruning = safe  (-gprune)
  top N mixtures to calc = 2 / 0  (-tmix)
    short pause HMM name = "sp" specified, "sp" applied (physical)  (-sp)
  cross-word CD on pass1 = handle by approx. (use max. prob. of same LC)
   sp transition penalty = -70.0

------------------------------------------------------------
Language Model(s)

[LM00 "_default"] type=n-gram

 N-gram info:
	            spec = 3-gram, forward (left-to-right)
	        OOV word = none (assume close vocabulary)
	    wordset size = 25
	  1-gram entries =         25  (  0.0 MB)
	  2-gram entries =         97  (  0.0 MB)
	  3-gram entries =        164  (  0.0 MB)
	           pass1 = 2-gram in the forward n-gram

 Vocabulary Info:
        vocabulary size  = 25 words, 116 models
        average word len = 4.6 models, 13.9 states
       maximum state num = 24 nodes per word
       transparent words = not exist
       words under class = not exist

 Parameters:
	(-silhead)head sil word = 0: "<s> @0.000000 [<s>] sil(sil)"
	(-siltail)tail sil word = 1: "</s> @0.000000 [</s>] sil(sil)"

------------------------------------------------------------
Recognizer(s)

[SR00 "_default"]  AM00 "_default"  +  LM00 "_default"

 Lexicon tree:
	 total node num =    423
	  root node num =     25
	(23 hi-freq. words are separated from tree lexicon)
	  leaf node num =     25
	 fact. node num =     25

 Inter-word N-gram cache: 
	root node to be cached = 25 / 25 (isolated only)
	word ends to be cached = 25 (all)
	  max. allocation size = 0MB
	(-lmp)  pass1 LM weight = 8.0  ins. penalty = -2.0
	(-lmp2) pass2 LM weight = 8.0  ins. penalty = -2.0
	(-transp)trans. penalty = +0.0 per word
	(-cmalpha)CM alpha coef = 0.050000

	 inter-word short pause = on (append "sp" for each word tail)
	  sp transition penalty = -70.0
 Search parameters: 
	    multi-path handling = yes, multi-path mode enabled
	(-b) trellis beam width = 200 (-1 or not specified - guessed)
	(-bs)score pruning thres= disabled
	(-n)search candidate num= 1
	(-s)  search stack size = 500
	(-m)    search overflow = after 2000 hypothesis poped
	        2nd pass method = searching sentence, generating N-best
	(-b2)  pass2 beam width = 200
	(-lookuprange)lookup range= 5  (tm-5 <= t <tm+5)
	(-sb)2nd scan beamthres = 200.0 (in logscore)
	(-n)        search till = 1 candidates found
	(-output)    and output = 1 candidates out of above
	 IWCD handling:
	   1st pass: approximation (use max. prob. of same LC)
	   2nd pass: loose (apply when hypo. is popped and scanned)
	 factoring score: 1-gram prob. (statically assigned beforehand)
	short pause segmentation = off
	fall back on search fail = off, returns search failure

------------------------------------------------------------
Decoding algorithm:

	1st pass input processing = buffered, batch
	1st pass method = 1-best approx. generating indexed trellis
	output word confidence measure based on search-time scores

------------------------------------------------------------
FrontEnd:

 Input stream:
	             input type = feature vector sequence
	           input source = feature vector file (HTK format)
	                filelist = train.scp
	   zero frames stripping = on
	      reject short input = off
	      reject  long input = off

----------------------- System Information end -----------------------

Stat: strip_mfcc: absolute energy coef. not exist, stripping disabled
Stat: strip_mfcc: absolute energy coef. not exist, stripping disabled
Warning: paramselect: can do only parameter exclusion. qualifiers _Z ignored
WARNING: 00 _default: hypothesis stack exhausted, terminate search now
STAT: 00 _default: 0 sentences have been found
Stat: strip_mfcc: absolute energy coef. not exist, stripping disabled
Stat: strip_mfcc: absolute energy coef. not exist, stripping disabled
Warning: paramselect: can do only parameter exclusion. qualifiers _Z ignored
Stat: strip_mfcc: absolute energy coef. not exist, stripping disabled
Stat: strip_mfcc: absolute energy coef. not exist, stripping disabled
Warning: paramselect: can do only parameter exclusion. qualifiers _Z ignored
Stat: strip_mfcc: absolute energy coef. not exist, stripping disabled
Stat: strip_mfcc: absolute energy coef. not exist, stripping disabled
Warning: paramselect: can do only parameter exclusion. qualifiers _Z ignored
Stat: strip_mfcc: absolute energy coef. not exist, stripping disabled
Stat: strip_mfcc: absolute energy coef. not exist, stripping disabled
Warning: paramselect: can do only parameter exclusion. qualifiers _Z ignored
Stat: strip_mfcc: absolute energy coef. not exist, stripping disabled
Stat: strip_mfcc: absolute energy coef. not exist, stripping disabled
Warning: paramselect: can do only parameter exclusion. qualifiers _Z ignored
Stat: strip_mfcc: absolute energy coef. not exist, stripping disabled
Stat: strip_mfcc: absolute energy coef. not exist, stripping disabled
Warning: paramselect: can do only parameter exclusion. qualifiers _Z ignored
Stat: strip_mfcc: absolute energy coef. not exist, stripping disabled
Stat: strip_mfcc: absolute energy coef. not exist, stripping disabled
Warning: paramselect: can do only parameter exclusion. qualifiers _Z ignored
Stat: strip_mfcc: absolute energy coef. not exist, stripping disabled
Stat: strip_mfcc: absolute energy coef. not exist, stripping disabled
Warning: paramselect: can do only parameter exclusion. qualifiers _Z ignored
Stat: strip_mfcc: absolute energy coef. not exist, stripping disabled
Stat: strip_mfcc: absolute energy coef. not exist, stripping disabled
Warning: paramselect: can do only parameter exclusion. qualifiers _Z ignored
Stat: strip_mfcc: absolute energy coef. not exist, stripping disabled
Stat: strip_mfcc: absolute energy coef. not exist, stripping disabled
Warning: paramselect: can do only parameter exclusion. qualifiers _Z ignored
WARNING: 00 _default: hypothesis stack exhausted, terminate search now
STAT: 00 _default: 0 sentences have been found
Stat: strip_mfcc: absolute energy coef. not exist, stripping disabled
Stat: strip_mfcc: absolute energy coef. not exist, stripping disabled
Warning: paramselect: can do only parameter exclusion. qualifiers _Z ignored
WARNING: 00 _default: hypothesis stack exhausted, terminate search now
STAT: 00 _default: 0 sentences have been found
Stat: strip_mfcc: absolute energy coef. not exist, stripping disabled
Stat: strip_mfcc: absolute energy coef. not exist, stripping disabled
Warning: paramselect: can do only parameter exclusion. qualifiers _Z ignored
WARNING: 00 _default: hypothesis stack exhausted, terminate search now
STAT: 00 _default: 0 sentences have been found
Stat: strip_mfcc: absolute energy coef. not exist, stripping disabled
Stat: strip_mfcc: absolute energy coef. not exist, stripping disabled
Warning: paramselect: can do only parameter exclusion. qualifiers _Z ignored
WARNING: 00 _default: hypothesis stack exhausted, terminate search now
STAT: 00 _default: 0 sentences have been found
Stat: strip_mfcc: absolute energy coef. not exist, stripping disabled
Stat: strip_mfcc: absolute energy coef. not exist, stripping disabled
Warning: paramselect: can do only parameter exclusion. qualifiers _Z ignored
WARNING: 00 _default: hypothesis stack exhausted, terminate search now
STAT: 00 _default: 0 sentences have been found
Stat: strip_mfcc: absolute energy coef. not exist, stripping disabled
Stat: strip_mfcc: absolute energy coef. not exist, stripping disabled
Warning: paramselect: can do only parameter exclusion. qualifiers _Z ignored
WARNING: 00 _default: hypothesis stack exhausted, terminate search now
STAT: 00 _default: 0 sentences have been found
Stat: strip_mfcc: absolute energy coef. not exist, stripping disabled
Stat: strip_mfcc: absolute energy coef. not exist, stripping disabled
Warning: paramselect: can do only parameter exclusion. qualifiers _Z ignored
WARNING: 00 _default: hypothesis stack exhausted, terminate search now
STAT: 00 _default: 0 sentences have been found
Stat: strip_mfcc: absolute energy coef. not exist, stripping disabled
Stat: strip_mfcc: absolute energy coef. not exist, stripping disabled
Warning: paramselect: can do only parameter exclusion. qualifiers _Z ignored
WARNING: 00 _default: hypothesis stack exhausted, terminate search now
STAT: 00 _default: 0 sentences have been found
Stat: strip_mfcc: absolute energy coef. not exist, stripping disabled
Stat: strip_mfcc: absolute energy coef. not exist, stripping disabled
Warning: paramselect: can do only parameter exclusion. qualifiers _Z ignored
WARNING: 00 _default: hypothesis stack exhausted, terminate search now
STAT: 00 _default: 0 sentences have been found
Stat: strip_mfcc: absolute energy coef. not exist, stripping disabled
Stat: strip_mfcc: absolute energy coef. not exist, stripping disabled
Warning: paramselect: can do only parameter exclusion. qualifiers _Z ignored
WARNING: 00 _default: hypothesis stack exhausted, terminate search now
STAT: 00 _default: 0 sentences have been found
Stat: strip_mfcc: absolute energy coef. not exist, stripping disabled
Stat: strip_mfcc: absolute energy coef. not exist, stripping disabled
Warning: paramselect: can do only parameter exclusion. qualifiers _Z ignored
Stat: strip_mfcc: absolute energy coef. not exist, stripping disabled
Stat: strip_mfcc: absolute energy coef. not exist, stripping disabled
Warning: paramselect: can do only parameter exclusion. qualifiers _Z ignored
Stat: strip_mfcc: absolute energy coef. not exist, stripping disabled
Stat: strip_mfcc: absolute energy coef. not exist, stripping disabled
Warning: paramselect: can do only parameter exclusion. qualifiers _Z ignored
Stat: strip_mfcc: absolute energy coef. not exist, stripping disabled
Stat: strip_mfcc: absolute energy coef. not exist, stripping disabled
Warning: paramselect: can do only parameter exclusion. qualifiers _Z ignored
Stat: strip_mfcc: absolute energy coef. not exist, stripping disabled
Stat: strip_mfcc: absolute energy coef. not exist, stripping disabled
Warning: paramselect: can do only parameter exclusion. qualifiers _Z ignored
WARNING: 00 _default: hypothesis stack exhausted, terminate search now
STAT: 00 _default: 0 sentences have been found
Stat: strip_mfcc: absolute energy coef. not exist, stripping disabled
Stat: strip_mfcc: absolute energy coef. not exist, stripping disabled
Warning: paramselect: can do only parameter exclusion. qualifiers _Z ignored
WARNING: 00 _default: hypothesis stack exhausted, terminate search now
STAT: 00 _default: 0 sentences have been found
Stat: strip_mfcc: absolute energy coef. not exist, stripping disabled
Stat: strip_mfcc: absolute energy coef. not exist, stripping disabled
Warning: paramselect: can do only parameter exclusion. qualifiers _Z ignored
Stat: strip_mfcc: absolute energy coef. not exist, stripping disabled
Stat: strip_mfcc: absolute energy coef. not exist, stripping disabled
Warning: paramselect: can do only parameter exclusion. qualifiers _Z ignored
Stat: strip_mfcc: absolute energy coef. not exist, stripping disabled
Stat: strip_mfcc: absolute energy coef. not exist, stripping disabled
Warning: paramselect: can do only parameter exclusion. qualifiers _Z ignored
Stat: strip_mfcc: absolute energy coef. not exist, stripping disabled
Stat: strip_mfcc: absolute energy coef. not exist, stripping disabled
Warning: paramselect: can do only parameter exclusion. qualifiers _Z ignored
Stat: strip_mfcc: absolute energy coef. not exist, stripping disabled
Stat: strip_mfcc: absolute energy coef. not exist, stripping disabled
Warning: paramselect: can do only parameter exclusion. qualifiers _Z ignored
Stat: strip_mfcc: absolute energy coef. not exist, stripping disabled
Stat: strip_mfcc: absolute energy coef. not exist, stripping disabled
Warning: paramselect: can do only parameter exclusion. qualifiers _Z ignored
Stat: strip_mfcc: absolute energy coef. not exist, stripping disabled
Stat: strip_mfcc: absolute energy coef. not exist, stripping disabled
Warning: paramselect: can do only parameter exclusion. qualifiers _Z ignored
Stat: strip_mfcc: absolute energy coef. not exist, stripping disabled
Stat: strip_mfcc: absolute energy coef. not exist, stripping disabled
Warning: paramselect: can do only parameter exclusion. qualifiers _Z ignored
Stat: strip_mfcc: absolute energy coef. not exist, stripping disabled
Stat: strip_mfcc: absolute energy coef. not exist, stripping disabled
Warning: paramselect: can do only parameter exclusion. qualifiers _Z ignored
Stat: strip_mfcc: absolute energy coef. not exist, stripping disabled
Stat: strip_mfcc: absolute energy coef. not exist, stripping disabled
Warning: paramselect: can do only parameter exclusion. qualifiers _Z ignored
Stat: strip_mfcc: absolute energy coef. not exist, stripping disabled
Stat: strip_mfcc: absolute energy coef. not exist, stripping disabled
Warning: paramselect: can do only parameter exclusion. qualifiers _Z ignored
Stat: strip_mfcc: absolute energy coef. not exist, stripping disabled
Stat: strip_mfcc: absolute energy coef. not exist, stripping disabled
Warning: paramselect: can do only parameter exclusion. qualifiers _Z ignored
Stat: strip_mfcc: absolute energy coef. not exist, stripping disabled
Stat: strip_mfcc: absolute energy coef. not exist, stripping disabled
Warning: paramselect: can do only parameter exclusion. qualifiers _Z ignored
Stat: strip_mfcc: absolute energy coef. not exist, stripping disabled
Stat: strip_mfcc: absolute energy coef. not exist, stripping disabled
Warning: paramselect: can do only parameter exclusion. qualifiers _Z ignored
Stat: strip_mfcc: absolute energy coef. not exist, stripping disabled
Stat: strip_mfcc: absolute energy coef. not exist, stripping disabled
Warning: paramselect: can do only parameter exclusion. qualifiers _Z ignored
WARNING: 00 _default: hypothesis stack exhausted, terminate search now
STAT: 00 _default: 0 sentences have been found
Stat: strip_mfcc: absolute energy coef. not exist, stripping disabled
Stat: strip_mfcc: absolute energy coef. not exist, stripping disabled
Warning: paramselect: can do only parameter exclusion. qualifiers _Z ignored
Stat: strip_mfcc: absolute energy coef. not exist, stripping disabled
Stat: strip_mfcc: absolute energy coef. not exist, stripping disabled
Warning: paramselect: can do only parameter exclusion. qualifiers _Z ignored
Stat: strip_mfcc: absolute energy coef. not exist, stripping disabled
Stat: strip_mfcc: absolute energy coef. not exist, stripping disabled
Warning: paramselect: can do only parameter exclusion. qualifiers _Z ignored
Stat: strip_mfcc: absolute energy coef. not exist, stripping disabled
Stat: strip_mfcc: absolute energy coef. not exist, stripping disabled
Warning: paramselect: can do only parameter exclusion. qualifiers _Z ignored
Stat: strip_mfcc: absolute energy coef. not exist, stripping disabled
Stat: strip_mfcc: absolute energy coef. not exist, stripping disabled
Warning: paramselect: can do only parameter exclusion. qualifiers _Z ignored
Stat: strip_mfcc: absolute energy coef. not exist, stripping disabled
Stat: strip_mfcc: absolute energy coef. not exist, stripping disabled
Warning: paramselect: can do only parameter exclusion. qualifiers _Z ignored
Stat: strip_mfcc: absolute energy coef. not exist, stripping disabled
Stat: strip_mfcc: absolute energy coef. not exist, stripping disabled
Warning: paramselect: can do only parameter exclusion. qualifiers _Z ignored
Stat: strip_mfcc: absolute energy coef. not exist, stripping disabled
Stat: strip_mfcc: absolute energy coef. not exist, stripping disabled
Warning: paramselect: can do only parameter exclusion. qualifiers _Z ignored
Stat: strip_mfcc: absolute energy coef. not exist, stripping disabled
Stat: strip_mfcc: absolute energy coef. not exist, stripping disabled
Warning: paramselect: can do only parameter exclusion. qualifiers _Z ignored
Stat: strip_mfcc: absolute energy coef. not exist, stripping disabled
Stat: strip_mfcc: absolute energy coef. not exist, stripping disabled
Warning: paramselect: can do only parameter exclusion. qualifiers _Z ignored
Stat: strip_mfcc: absolute energy coef. not exist, stripping disabled
Stat: strip_mfcc: absolute energy coef. not exist, stripping disabled
Warning: paramselect: can do only parameter exclusion. qualifiers _Z ignored
Stat: strip_mfcc: absolute energy coef. not exist, stripping disabled
Stat: strip_mfcc: absolute energy coef. not exist, stripping disabled
Warning: paramselect: can do only parameter exclusion. qualifiers _Z ignored
Stat: strip_mfcc: absolute energy coef. not exist, stripping disabled
Stat: strip_mfcc: absolute energy coef. not exist, stripping disabled
Warning: paramselect: can do only parameter exclusion. qualifiers _Z ignored
WARNING: 00 _default: hypothesis stack exhausted, terminate search now
STAT: 00 _default: 0 sentences have been found
Stat: strip_mfcc: absolute energy coef. not exist, stripping disabled
Stat: strip_mfcc: absolute energy coef. not exist, stripping disabled
Warning: paramselect: can do only parameter exclusion. qualifiers _Z ignored
Stat: strip_mfcc: absolute energy coef. not exist, stripping disabled
Stat: strip_mfcc: absolute energy coef. not exist, stripping disabled
Warning: paramselect: can do only parameter exclusion. qualifiers _Z ignored
Stat: strip_mfcc: absolute energy coef. not exist, stripping disabled
Stat: strip_mfcc: absolute energy coef. not exist, stripping disabled
Warning: paramselect: can do only parameter exclusion. qualifiers _Z ignored
Stat: strip_mfcc: absolute energy coef. not exist, stripping disabled
Stat: strip_mfcc: absolute energy coef. not exist, stripping disabled
Warning: paramselect: can do only parameter exclusion. qualifiers _Z ignored
WARNING: 00 _default: hypothesis stack exhausted, terminate search now
STAT: 00 _default: 0 sentences have been found
Stat: strip_mfcc: absolute energy coef. not exist, stripping disabled
Stat: strip_mfcc: absolute energy coef. not exist, stripping disabled
Warning: paramselect: can do only parameter exclusion. qualifiers _Z ignored
Stat: strip_mfcc: absolute energy coef. not exist, stripping disabled
Stat: strip_mfcc: absolute energy coef. not exist, stripping disabled
Warning: paramselect: can do only parameter exclusion. qualifiers _Z ignored
Stat: strip_mfcc: absolute energy coef. not exist, stripping disabled
Stat: strip_mfcc: absolute energy coef. not exist, stripping disabled
Warning: paramselect: can do only parameter exclusion. qualifiers _Z ignored
Stat: strip_mfcc: absolute energy coef. not exist, stripping disabled
Stat: strip_mfcc: absolute energy coef. not exist, stripping disabled
Warning: paramselect: can do only parameter exclusion. qualifiers _Z ignored
Stat: strip_mfcc: absolute energy coef. not exist, stripping disabled
Stat: strip_mfcc: absolute energy coef. not exist, stripping disabled
Warning: paramselect: can do only parameter exclusion. qualifiers _Z ignored
Stat: strip_mfcc: absolute energy coef. not exist, stripping disabled
Stat: strip_mfcc: absolute energy coef. not exist, stripping disabled
Warning: paramselect: can do only parameter exclusion. qualifiers _Z ignored
Stat: strip_mfcc: absolute energy coef. not exist, stripping disabled
Stat: strip_mfcc: absolute energy coef. not exist, stripping disabled
Warning: paramselect: can do only parameter exclusion. qualifiers _Z ignored
Stat: strip_mfcc: absolute energy coef. not exist, stripping disabled
Stat: strip_mfcc: absolute energy coef. not exist, stripping disabled
Warning: paramselect: can do only parameter exclusion. qualifiers _Z ignored
WARNING: 00 _default: hypothesis stack exhausted, terminate search now
STAT: 00 _default: 0 sentences have been found
Stat: strip_mfcc: absolute energy coef. not exist, stripping disabled
Stat: strip_mfcc: absolute energy coef. not exist, stripping disabled
Warning: paramselect: can do only parameter exclusion. qualifiers _Z ignored
Stat: strip_mfcc: absolute energy coef. not exist, stripping disabled
Stat: strip_mfcc: absolute energy coef. not exist, stripping disabled
Warning: paramselect: can do only parameter exclusion. qualifiers _Z ignored
WARNING: 00 _default: hypothesis stack exhausted, terminate search now
STAT: 00 _default: 0 sentences have been found
Stat: strip_mfcc: absolute energy coef. not exist, stripping disabled
Stat: strip_mfcc: absolute energy coef. not exist, stripping disabled
Warning: paramselect: can do only parameter exclusion. qualifiers _Z ignored
WARNING: 00 _default: hypothesis stack exhausted, terminate search now
STAT: 00 _default: 0 sentences have been found
Stat: strip_mfcc: absolute energy coef. not exist, stripping disabled
Stat: strip_mfcc: absolute energy coef. not exist, stripping disabled
Warning: paramselect: can do only parameter exclusion. qualifiers _Z ignored
WARNING: 00 _default: hypothesis stack exhausted, terminate search now
STAT: 00 _default: 0 sentences have been found
Stat: strip_mfcc: absolute energy coef. not exist, stripping disabled
Stat: strip_mfcc: absolute energy coef. not exist, stripping disabled
Warning: paramselect: can do only parameter exclusion. qualifiers _Z ignored
WARNING: 00 _default: hypothesis stack exhausted, terminate search now
STAT: 00 _default: 0 sentences have been found
Stat: strip_mfcc: absolute energy coef. not exist, stripping disabled
Stat: strip_mfcc: absolute energy coef. not exist, stripping disabled
Warning: paramselect: can do only parameter exclusion. qualifiers _Z ignored
Stat: strip_mfcc: absolute energy coef. not exist, stripping disabled
Stat: strip_mfcc: absolute energy coef. not exist, stripping disabled
Warning: paramselect: can do only parameter exclusion. qualifiers _Z ignored
WARNING: 00 _default: hypothesis stack exhausted, terminate search now
STAT: 00 _default: 0 sentences have been found
Stat: strip_mfcc: absolute energy coef. not exist, stripping disabled
Stat: strip_mfcc: absolute energy coef. not exist, stripping disabled
Warning: paramselect: can do only parameter exclusion. qualifiers _Z ignored
WARNING: 00 _default: hypothesis stack exhausted, terminate search now
STAT: 00 _default: 0 sentences have been found
Stat: strip_mfcc: absolute energy coef. not exist, stripping disabled
Stat: strip_mfcc: absolute energy coef. not exist, stripping disabled
Warning: paramselect: can do only parameter exclusion. qualifiers _Z ignored
WARNING: 00 _default: hypothesis stack exhausted, terminate search now
STAT: 00 _default: 0 sentences have been found
Stat: strip_mfcc: absolute energy coef. not exist, stripping disabled
Stat: strip_mfcc: absolute energy coef. not exist, stripping disabled
Warning: paramselect: can do only parameter exclusion. qualifiers _Z ignored
WARNING: 00 _default: hypothesis stack exhausted, terminate search now
STAT: 00 _default: 0 sentences have been found
Stat: strip_mfcc: absolute energy coef. not exist, stripping disabled
Stat: strip_mfcc: absolute energy coef. not exist, stripping disabled
Warning: paramselect: can do only parameter exclusion. qualifiers _Z ignored
WARNING: 00 _default: hypothesis stack exhausted, terminate search now
STAT: 00 _default: 0 sentences have been found
Stat: strip_mfcc: absolute energy coef. not exist, stripping disabled
Stat: strip_mfcc: absolute energy coef. not exist, stripping disabled
Warning: paramselect: can do only parameter exclusion. qualifiers _Z ignored
WARNING: 00 _default: hypothesis stack exhausted, terminate search now
STAT: 00 _default: 0 sentences have been found
Stat: strip_mfcc: absolute energy coef. not exist, stripping disabled
Stat: strip_mfcc: absolute energy coef. not exist, stripping disabled
Warning: paramselect: can do only parameter exclusion. qualifiers _Z ignored
WARNING: 00 _default: hypothesis stack exhausted, terminate search now
STAT: 00 _default: 0 sentences have been found
Stat: strip_mfcc: absolute energy coef. not exist, stripping disabled
Stat: strip_mfcc: absolute energy coef. not exist, stripping disabled
Warning: paramselect: can do only parameter exclusion. qualifiers _Z ignored
Stat: strip_mfcc: absolute energy coef. not exist, stripping disabled
Stat: strip_mfcc: absolute energy coef. not exist, stripping disabled
Warning: paramselect: can do only parameter exclusion. qualifiers _Z ignored
Stat: strip_mfcc: absolute energy coef. not exist, stripping disabled
Stat: strip_mfcc: absolute energy coef. not exist, stripping disabled
Warning: paramselect: can do only parameter exclusion. qualifiers _Z ignored
Stat: strip_mfcc: absolute energy coef. not exist, stripping disabled
Stat: strip_mfcc: absolute energy coef. not exist, stripping disabled
Warning: paramselect: can do only parameter exclusion. qualifiers _Z ignored
Stat: strip_mfcc: absolute energy coef. not exist, stripping disabled
Stat: strip_mfcc: absolute energy coef. not exist, stripping disabled
Warning: paramselect: can do only parameter exclusion. qualifiers _Z ignored
Stat: strip_mfcc: absolute energy coef. not exist, stripping disabled
Stat: strip_mfcc: absolute energy coef. not exist, stripping disabled
Warning: paramselect: can do only parameter exclusion. qualifiers _Z ignored
Stat: strip_mfcc: absolute energy coef. not exist, stripping disabled
Stat: strip_mfcc: absolute energy coef. not exist, stripping disabled
Warning: paramselect: can do only parameter exclusion. qualifiers _Z ignored
Stat: strip_mfcc: absolute energy coef. not exist, stripping disabled
Stat: strip_mfcc: absolute energy coef. not exist, stripping disabled
Warning: paramselect: can do only parameter exclusion. qualifiers _Z ignored
Stat: strip_mfcc: absolute energy coef. not exist, stripping disabled
Stat: strip_mfcc: absolute energy coef. not exist, stripping disabled
Warning: paramselect: can do only parameter exclusion. qualifiers _Z ignored
Stat: strip_mfcc: absolute energy coef. not exist, stripping disabled
Stat: strip_mfcc: absolute energy coef. not exist, stripping disabled
Warning: paramselect: can do only parameter exclusion. qualifiers _Z ignored
WARNING: 00 _default: hypothesis stack exhausted, terminate search now
STAT: 00 _default: 0 sentences have been found
